<?xml version="1.0" encoding="UTF-8"?>
<testsuite name="com.energizer.bank.server.SimpleAccountServiceTest" tests="9" skipped="0" failures="0" errors="0" timestamp="2019-05-19T15:38:32" hostname="DESKTOP-IFL5O9B" time="0.004">
  <properties/>
  <testcase name="depositShouldThrowExceptionWhenDollarsIsNegative" classname="com.energizer.bank.server.SimpleAccountServiceTest" time="0.001"/>
  <testcase name="withdrawShouldThrowExceptionWhenAccountIsNull" classname="com.energizer.bank.server.SimpleAccountServiceTest" time="0.001"/>
  <testcase name="withdrawShouldDecreaseDollars" classname="com.energizer.bank.server.SimpleAccountServiceTest" time="0.0"/>
  <testcase name="depositShouldDecreaseDollars" classname="com.energizer.bank.server.SimpleAccountServiceTest" time="0.0"/>
  <testcase name="withdrawShouldThrowExceptionWhenDollarsIsNegative" classname="com.energizer.bank.server.SimpleAccountServiceTest" time="0.0"/>
  <testcase name="withdrawShouldThrowExceptionWhenDollarsIsToMany" classname="com.energizer.bank.server.SimpleAccountServiceTest" time="0.0"/>
  <testcase name="depositShouldThrowExceptionWhenDollarsIsToMany" classname="com.energizer.bank.server.SimpleAccountServiceTest" time="0.001"/>
  <testcase name="transfer" classname="com.energizer.bank.server.SimpleAccountServiceTest" time="0.0"/>
  <testcase name="depositShouldThrowExceptionWhenAccountIsNull" classname="com.energizer.bank.server.SimpleAccountServiceTest" time="0.0"/>
  <system-out><![CDATA[]]></system-out>
  <system-err><![CDATA[]]></system-err>
</testsuite>
